2025-02-09 12:23:10.681 +03:30 [WRN] [Information] fa language was successfully loaded.
2025-02-09 12:23:11.651 +03:30 [WRN] [Information] FluxGuard started at 21/11/1403 08:53:11 AM
2025-02-09 12:23:36.624 +03:30 [INF] [Command]:[start] from TahaDashti_GD:5062451231
2025-02-09 12:23:40.125 +03:30 [INF] [UI Manager] MainDashboard Loaded.
2025-02-09 12:23:46.773 +03:30 [INF] [Command]:[start] from TahaDashti_GD:5062451231
2025-02-09 12:23:49.127 +03:30 [INF] [UI Manager] MainDashboard Loaded.
2025-02-09 12:23:54.764 +03:30 [INF] [Command]:[status] from TahaDashti_GD:5062451231
2025-02-09 12:23:54.765 +03:30 [INF] [UI Manager] StatusDashboard Loaded.
2025-02-09 12:23:56.235 +03:30 [INF] [Command]:[resource_report] from TahaDashti_GD:5062451231
2025-02-09 12:23:56.238 +03:30 [INF] [Service] GetSystemUsageReport
2025-02-09 12:24:05.225 +03:30 [INF] [Service] GetSystemUsageReport
2025-02-09 12:24:12.333 +03:30 [INF] [Command]:[uptime] from TahaDashti_GD:5062451231
2025-02-09 12:24:12.350 +03:30 [INF] [Service] GetUpTime
2025-02-09 12:24:14.425 +03:30 [INF] [Command]:[back] from TahaDashti_GD:5062451231
2025-02-09 12:24:14.425 +03:30 [INF] [UI Manager] MainDashboard Loaded.
2025-02-09 12:24:16.300 +03:30 [INF] [Command]:[power] from TahaDashti_GD:5062451231
2025-02-09 12:24:16.712 +03:30 [INF] [Service] TakeScreenShot:Screen
2025-02-09 12:25:22.054 +03:30 [INF] [Service] SystemSlipped
2025-02-09 12:28:23.571 +03:30 [WRN] [Information] fa language was successfully loaded.
2025-02-09 12:28:24.052 +03:30 [WRN] [Information] FluxGuard started at 21/11/1403 08:58:24 AM
2025-02-09 12:28:30.382 +03:30 [INF] [Command]:[start] from TahaDashti_GD:5062451231
2025-02-09 12:28:33.102 +03:30 [INF] [UI Manager] MainDashboard Loaded.
2025-02-09 12:29:31.649 +03:30 [WRN] [Information] en language was successfully loaded.
2025-02-09 12:29:31.904 +03:30 [WRN] [Information] FluxGuard started at 21/11/1403 08:59:31 AM
2025-02-09 12:29:33.683 +03:30 [INF] [Command]:[start] from TahaDashti_GD:5062451231
2025-02-09 12:29:36.082 +03:30 [INF] [UI Manager] MainDashboard Loaded.
2025-02-09 12:44:02.046 +03:30 [WRN] [Information] en language was successfully loaded.
2025-02-09 12:44:38.980 +03:30 [WRN] [Information] FluxGuard started at 21/11/1403 09:14:38 AM
2025-02-09 12:44:41.232 +03:30 [INF] [Command]:[start] from TahaDashti_GD:5062451231
2025-02-09 12:46:47.812 +03:30 [WRN] [Information] fa language was successfully loaded.
2025-02-09 12:46:48.085 +03:30 [WRN] [Information] fa language was successfully loaded.
2025-02-09 12:46:55.150 +03:30 [WRN] [Information] FluxGuard started at 21/11/1403 09:16:55 AM
2025-02-09 12:47:03.317 +03:30 [INF] [Command]:[status] from TahaDashti_GD:5062451231
2025-02-09 12:47:03.625 +03:30 [INF] [UI Manager] StatusDashboard Loaded.
2025-02-09 12:47:06.208 +03:30 [INF] [Command]:[back] from TahaDashti_GD:5062451231
2025-02-09 12:47:06.209 +03:30 [INF] [UI Manager] MainDashboard Loaded.
2025-02-09 12:47:13.130 +03:30 [WRN] [Information] fa language was successfully loaded.
2025-02-09 12:47:13.322 +03:30 [WRN] [Information] fa language was successfully loaded.
2025-02-09 12:47:26.601 +03:30 [WRN] [Information] en language was successfully loaded.
2025-02-09 12:47:28.851 +03:30 [WRN] [Information] FluxGuard started at 21/11/1403 09:17:28 AM
2025-02-09 12:47:49.211 +03:30 [INF] [Command]:[status] from TahaDashti_GD:5062451231
2025-02-09 12:47:49.471 +03:30 [INF] [UI Manager] StatusDashboard Loaded.
2025-02-09 12:50:33.318 +03:30 [WRN] [Information] en language was successfully loaded.
2025-02-09 12:50:33.717 +03:30 [ERR] Error loading language file: Could not find file 'E:\C#\FluxGuard\FluxGuard.Core\FluxGuard.Core\bin\Debug\net8.0-windows\lan\.json'.
2025-02-09 12:50:33.720 +03:30 [WRN] [Information] en language was successfully loaded.
2025-02-09 12:50:33.736 +03:30 [ERR] Error loading language file: Could not find file 'E:\C#\FluxGuard\FluxGuard.Core\FluxGuard.Core\bin\Debug\net8.0-windows\lan\.json'.
2025-02-09 12:50:47.897 +03:30 [WRN] [Information] fa language was successfully loaded.
2025-02-09 12:50:48.336 +03:30 [ERR] Error loading language file: Could not find file 'E:\C#\FluxGuard\FluxGuard.Core\FluxGuard.Core\bin\Debug\net8.0-windows\lan\.json'.
2025-02-09 12:50:48.337 +03:30 [WRN] [Information] fa language was successfully loaded.
2025-02-09 12:50:48.353 +03:30 [ERR] Error loading language file: Could not find file 'E:\C#\FluxGuard\FluxGuard.Core\FluxGuard.Core\bin\Debug\net8.0-windows\lan\.json'.
2025-02-09 12:50:56.136 +03:30 [WRN] [Information] fa language was successfully loaded.
2025-02-09 12:50:56.180 +03:30 [ERR] Error loading language file: An item with the same key has already been added. Key: بازگشت
2025-02-09 12:51:03.479 +03:30 [WRN] [Information] fa language was successfully loaded.
2025-02-09 12:51:03.695 +03:30 [ERR] Error loading language file: Could not find file 'E:\C#\FluxGuard\FluxGuard.Core\FluxGuard.Core\bin\Debug\net8.0-windows\lan\.json'.
2025-02-09 12:51:03.696 +03:30 [WRN] [Information] fa language was successfully loaded.
2025-02-09 12:51:03.713 +03:30 [ERR] Error loading language file: Could not find file 'E:\C#\FluxGuard\FluxGuard.Core\FluxGuard.Core\bin\Debug\net8.0-windows\lan\.json'.
2025-02-09 12:51:03.814 +03:30 [WRN] [Information] FluxGuard started at 21/11/1403 09:21:03 AM
2025-02-09 12:51:12.607 +03:30 [INF] [Command]:[status] from TahaDashti_GD:5062451231
2025-02-09 12:51:12.856 +03:30 [INF] [UI Manager] StatusDashboard Loaded.
2025-02-09 12:51:23.812 +03:30 [WRN] [Information] en language was successfully loaded.
2025-02-09 12:52:20.271 +03:30 [WRN] [Information] en language was successfully loaded.
2025-02-09 12:52:23.336 +03:30 [ERR] Error loading language file: Could not find file 'E:\C#\FluxGuard\FluxGuard.Core\FluxGuard.Core\bin\Debug\net8.0-windows\lan\.json'.
2025-02-09 12:52:23.337 +03:30 [WRN] [Information] en language was successfully loaded.
2025-02-09 12:52:24.910 +03:30 [ERR] Error loading language file: Could not find file 'E:\C#\FluxGuard\FluxGuard.Core\FluxGuard.Core\bin\Debug\net8.0-windows\lan\.json'.
2025-02-09 12:52:25.815 +03:30 [WRN] [Information] FluxGuard started at 21/11/1403 09:22:25 AM
2025-02-09 12:53:38.819 +03:30 [WRN] [Information] en language was successfully loaded.
2025-02-09 12:53:40.532 +03:30 [ERR] Error loading language file: Could not find file 'E:\C#\FluxGuard\FluxGuard.Core\FluxGuard.Core\bin\Debug\net8.0-windows\lan\.json'.
2025-02-09 12:53:40.533 +03:30 [WRN] [Information] en language was successfully loaded.
2025-02-09 12:53:40.942 +03:30 [ERR] Error loading language file: Could not find file 'E:\C#\FluxGuard\FluxGuard.Core\FluxGuard.Core\bin\Debug\net8.0-windows\lan\.json'.
2025-02-09 12:53:41.454 +03:30 [WRN] [Information] FluxGuard started at 21/11/1403 09:23:41 AM
2025-02-09 12:54:08.171 +03:30 [WRN] [Information] en language was successfully loaded.
2025-02-09 12:54:10.606 +03:30 [ERR] Error loading language file: Could not find file 'E:\C#\FluxGuard\FluxGuard.Core\FluxGuard.Core\bin\Debug\net8.0-windows\lan\.json'.
2025-02-09 12:54:10.607 +03:30 [WRN] [Information] en language was successfully loaded.
2025-02-09 12:54:10.782 +03:30 [ERR] Error loading language file: Could not find file 'E:\C#\FluxGuard\FluxGuard.Core\FluxGuard.Core\bin\Debug\net8.0-windows\lan\.json'.
2025-02-09 12:54:11.503 +03:30 [WRN] [Information] FluxGuard started at 21/11/1403 09:24:11 AM
2025-02-09 12:54:34.780 +03:30 [WRN] [Information] en language was successfully loaded.
2025-02-09 12:55:44.753 +03:30 [WRN] [Information] en language was successfully loaded.
2025-02-09 12:56:18.052 +03:30 [WRN] [Information] en language was successfully loaded.
2025-02-09 12:57:29.747 +03:30 [WRN] [Information] en language was successfully loaded.
2025-02-09 12:58:29.273 +03:30 [WRN] [Information] en language was successfully loaded.
2025-02-09 12:58:29.838 +03:30 [ERR] Error loading language file: Could not find file 'E:\C#\FluxGuard\FluxGuard.Core\FluxGuard.Core\bin\Debug\net8.0-windows\lan\.json'.
2025-02-09 12:58:29.839 +03:30 [WRN] [Information] en language was successfully loaded.
2025-02-09 12:58:35.589 +03:30 [WRN] [Information] en language was successfully loaded.
2025-02-09 12:58:35.788 +03:30 [ERR] Error loading language file: Could not find file 'E:\C#\FluxGuard\FluxGuard.Core\FluxGuard.Core\bin\Debug\net8.0-windows\lan\.json'.
2025-02-09 12:58:35.789 +03:30 [WRN] [Information] en language was successfully loaded.
2025-02-09 12:59:22.986 +03:30 [WRN] [Information] en language was successfully loaded.
2025-02-09 12:59:23.213 +03:30 [ERR] Error loading language file: Could not find file 'E:\C#\FluxGuard\FluxGuard.Core\FluxGuard.Core\bin\Debug\net8.0-windows\lan\.json'.
2025-02-09 12:59:33.687 +03:30 [WRN] [Information] en language was successfully loaded.
2025-02-09 13:00:13.533 +03:30 [WRN] [Information] en language was successfully loaded.
2025-02-09 13:01:13.760 +03:30 [WRN] [Information] en language was successfully loaded.
2025-02-09 13:01:14.800 +03:30 [ERR] Error loading language file: Could not find file 'E:\C#\FluxGuard\FluxGuard.Core\FluxGuard.Core\bin\Debug\net8.0-windows\lan\.json'.
2025-02-09 13:01:14.802 +03:30 [WRN] [Information] en language was successfully loaded.
2025-02-09 13:01:17.649 +03:30 [WRN] [Information] FluxGuard started at 21/11/1403 09:31:17 AM
2025-02-09 13:01:41.194 +03:30 [WRN] [Information] en language was successfully loaded.
2025-02-09 13:02:42.566 +03:30 [WRN] [Information] en language was successfully loaded.
2025-02-09 13:04:03.581 +03:30 [WRN] [Information] en language was successfully loaded.
2025-02-09 13:04:05.228 +03:30 [WRN] [Information] FluxGuard started at 21/11/1403 09:34:05 AM
2025-02-09 13:04:28.750 +03:30 [WRN] [Information] en language was successfully loaded.
2025-02-09 13:04:55.172 +03:30 [WRN] [Information] FluxGuard started at 21/11/1403 09:34:55 AM
2025-02-09 13:05:22.505 +03:30 [INF] [Command]:[start] from TahaDashti_GD:5062451231
2025-02-09 13:05:24.876 +03:30 [INF] [UI Manager] MainDashboard Loaded.
2025-02-09 13:05:34.987 +03:30 [INF] [Command]:[status] from TahaDashti_GD:5062451231
2025-02-09 13:05:34.988 +03:30 [INF] [UI Manager] StatusDashboard Loaded.
2025-02-09 13:05:36.624 +03:30 [INF] [Command]:[resource_report] from TahaDashti_GD:5062451231
2025-02-09 13:05:36.626 +03:30 [INF] [Service] GetSystemUsageReport
2025-02-09 13:05:42.683 +03:30 [INF] [Service] GetSystemUsageReport
2025-02-09 13:05:44.203 +03:30 [INF] [Command]:[back] from TahaDashti_GD:5062451231
2025-02-09 13:05:44.204 +03:30 [INF] [UI Manager] MainDashboard Loaded.
2025-02-09 13:05:45.324 +03:30 [INF] [Command]:[power] from TahaDashti_GD:5062451231
2025-02-09 13:05:45.766 +03:30 [INF] [Service] TakeScreenShot:Screen
2025-02-09 13:06:13.661 +03:30 [WRN] [Information] en language was successfully loaded.
2025-02-09 13:06:15.275 +03:30 [WRN] [Information] FluxGuard started at 21/11/1403 09:36:15 AM
2025-02-09 13:06:17.927 +03:30 [INF] [Command]:[status] from TahaDashti_GD:5062451231
2025-02-09 13:06:18.062 +03:30 [INF] [UI Manager] StatusDashboard Loaded.
2025-02-09 13:20:53.472 +03:30 [WRN] [Information] fa language was successfully loaded.
2025-02-09 13:20:59.207 +03:30 [WRN] [Information] fa language was successfully loaded.
2025-02-09 13:20:59.230 +03:30 [ERR] Error loading language file: An item with the same key has already been added. Key: بازگشت
2025-02-09 13:20:59.309 +03:30 [WRN] [Information] FluxGuard started at 21/11/1403 09:50:59 AM
2025-02-09 13:21:40.657 +03:30 [INF] [Command]:[status] from TahaDashti_GD:5062451231
2025-02-09 13:21:40.888 +03:30 [INF] [UI Manager] StatusDashboard Loaded.
2025-02-09 13:21:46.273 +03:30 [INF] [Command]:[back] from TahaDashti_GD:5062451231
2025-02-09 13:21:46.274 +03:30 [INF] [UI Manager] MainDashboard Loaded.
2025-02-09 13:22:03.347 +03:30 [WRN] [Information] en language was successfully loaded.
2025-02-09 13:22:12.151 +03:30 [INF] [Command]:[status] from TahaDashti_GD:5062451231
2025-02-09 13:22:12.152 +03:30 [INF] [UI Manager] StatusDashboard Loaded.
2025-02-09 13:22:14.404 +03:30 [INF] [Command]:[back] from TahaDashti_GD:5062451231
2025-02-09 13:22:14.405 +03:30 [INF] [UI Manager] MainDashboard Loaded.
2025-02-09 13:22:24.945 +03:30 [WRN] [Information] fa language was successfully loaded.
2025-02-09 13:22:24.993 +03:30 [ERR] Error loading language file: An item with the same key has already been added. Key: بازگشت
2025-02-09 13:22:32.633 +03:30 [INF] [Command]:[status] from TahaDashti_GD:5062451231
2025-02-09 13:22:32.634 +03:30 [INF] [UI Manager] StatusDashboard Loaded.
2025-02-09 13:22:34.506 +03:30 [INF] [Command]:[back] from TahaDashti_GD:5062451231
2025-02-09 13:22:34.506 +03:30 [INF] [UI Manager] MainDashboard Loaded.
2025-02-09 13:34:50.641 +03:30 [WRN] [Information] fa language was successfully loaded.
2025-02-09 13:34:51.048 +03:30 [WRN] [Information] FluxGuard started at 21/11/1403 10:04:51 AM
2025-02-09 13:39:08.393 +03:30 [INF] [Information] Config loaded.
2025-02-09 13:39:08.479 +03:30 [INF] [Information] Settings loaded.
2025-02-09 13:39:08.521 +03:30 [INF] [Information] fa language was successfully loaded.
2025-02-09 13:39:08.810 +03:30 [INF] [Information] FluxGuard started at 21/11/1403 10:09:08 AM
2025-02-09 13:39:17.397 +03:30 [INF] [Command]:[start] from TahaDashti_GD:5062451231
2025-02-09 13:39:22.957 +03:30 [INF] [Information] Config loaded.
2025-02-09 13:39:22.959 +03:30 [INF] [Information] Settings loaded.
2025-02-09 13:39:22.960 +03:30 [INF] [Information] en language was successfully loaded.
2025-02-09 13:39:23.353 +03:30 [INF] [UI Manager] MainDashboard Loaded.
2025-02-09 13:39:33.147 +03:30 [INF] [Command]:[status] from TahaDashti_GD:5062451231
2025-02-09 13:39:33.148 +03:30 [INF] [UI Manager] StatusDashboard Loaded.
2025-02-09 13:39:34.862 +03:30 [INF] [Command]:[resource_report] from TahaDashti_GD:5062451231
2025-02-09 13:39:34.863 +03:30 [INF] [Service] GetSystemUsageReport
2025-02-09 13:39:40.751 +03:30 [INF] [Service] GetSystemUsageReport
2025-02-09 13:39:52.626 +03:30 [INF] [Command]:[back] from TahaDashti_GD:5062451231
2025-02-09 13:39:52.626 +03:30 [INF] [UI Manager] MainDashboard Loaded.
2025-02-09 13:39:54.760 +03:30 [INF] [Command]:[power] from TahaDashti_GD:5062451231
2025-02-09 13:39:54.890 +03:30 [INF] [Service] TakeScreenShot:Screen
2025-02-09 13:39:56.685 +03:30 [INF] [Command]:[status] from TahaDashti_GD:5062451231
2025-02-09 13:39:56.685 +03:30 [INF] [UI Manager] StatusDashboard Loaded.
2025-02-09 13:39:58.091 +03:30 [INF] [Command]:[uptime] from TahaDashti_GD:5062451231
2025-02-09 13:39:58.100 +03:30 [INF] [Service] GetUpTime
2025-02-09 13:40:03.766 +03:30 [INF] [Command]:[back] from TahaDashti_GD:5062451231
2025-02-09 13:40:03.766 +03:30 [INF] [UI Manager] MainDashboard Loaded.
2025-02-09 13:40:05.147 +03:30 [INF] [Command]:[power] from TahaDashti_GD:5062451231
2025-02-09 13:40:05.188 +03:30 [INF] [Service] TakeScreenShot:Screen
2025-02-09 13:43:48.356 +03:30 [INF] [Service] SystemSlipped
2025-02-09 13:49:34.308 +03:30 [INF] [Information] Config loaded.
2025-02-09 13:49:34.386 +03:30 [INF] [Information] Settings loaded.
2025-02-09 13:49:34.528 +03:30 [INF] [Information] en language was successfully loaded.
2025-02-09 13:49:35.156 +03:30 [INF] [Information] FluxGuard started at 21/11/1403 10:19:35 AM
2025-02-09 13:49:52.857 +03:30 [WRN] [Security] Set automatic_start to False in setting.
2025-02-09 13:49:52.857 +03:30 [INF] [Information] Config loaded.
2025-02-09 13:49:52.858 +03:30 [INF] [Information] Settings loaded.
2025-02-09 13:49:52.858 +03:30 [INF] [Information] en language was successfully loaded.
2025-02-09 13:49:52.880 +03:30 [ERR] Error loading language file: An item with the same key has already been added. Key: Back
2025-02-09 14:04:51.734 +03:30 [INF] [Information] Config loaded.
2025-02-09 14:04:51.877 +03:30 [INF] [Information] Settings loaded.
2025-02-09 14:04:51.919 +03:30 [INF] [Information] en language was successfully loaded.
2025-02-09 14:06:35.425 +03:30 [WRN] [Security] Set automatic_start to True in setting.
2025-02-09 14:06:35.426 +03:30 [INF] [Information] Config loaded.
2025-02-09 14:06:35.438 +03:30 [INF] [Information] Settings loaded.
2025-02-09 14:06:35.439 +03:30 [INF] [Information] en language was successfully loaded.
2025-02-09 14:06:35.468 +03:30 [ERR] Error loading language file: An item with the same key has already been added. Key: Back
2025-02-09 14:06:41.235 +03:30 [INF] [Information] FluxGuard started at 21/11/1403 10:36:41 AM
2025-02-09 14:06:43.194 +03:30 [INF] [Command]:[status] from TahaDashti_GD:5062451231
2025-02-09 14:06:43.313 +03:30 [INF] [UI Manager] StatusDashboard Loaded.
2025-02-09 14:06:46.456 +03:30 [INF] [Command]:[resource_report] from TahaDashti_GD:5062451231
2025-02-09 14:06:46.457 +03:30 [INF] [Service] GetSystemUsageReport
2025-02-09 14:06:53.812 +03:30 [INF] [Service] GetSystemUsageReport
2025-02-09 14:07:00.380 +03:30 [INF] [Command]:[back] from TahaDashti_GD:5062451231
2025-02-09 14:07:00.381 +03:30 [INF] [UI Manager] MainDashboard Loaded.
2025-02-09 14:07:02.220 +03:30 [INF] [Command]:[power] from TahaDashti_GD:5062451231
2025-02-09 14:07:02.382 +03:30 [INF] [Service] TakeScreenShot:Screen
2025-02-09 16:25:48.613 +03:30 [INF] [Information] Config loaded.
2025-02-09 16:25:48.718 +03:30 [INF] [Information] Settings loaded.
2025-02-09 16:25:48.991 +03:30 [INF] [Information] en language was successfully loaded.
2025-02-09 16:25:50.190 +03:30 [INF] [Information] FluxGuard started at 21/11/1403 12:55:50 PM
2025-02-09 16:25:56.384 +03:30 [WRN] [Security] Set automatic_start to False in setting.
2025-02-09 16:25:56.385 +03:30 [INF] [Information] Config loaded.
2025-02-09 16:25:56.405 +03:30 [INF] [Information] Settings loaded.
2025-02-09 16:25:56.406 +03:30 [INF] [Information] en language was successfully loaded.
2025-02-09 16:25:56.498 +03:30 [ERR] Error loading language file: An item with the same key has already been added. Key: Back
2025-02-09 16:26:42.371 +03:30 [INF] [Information] Config loaded.
2025-02-09 16:26:42.509 +03:30 [INF] [Information] Settings loaded.
2025-02-09 16:26:42.713 +03:30 [INF] [Information] en language was successfully loaded.
2025-02-09 16:27:20.576 +03:30 [INF] [Information] Config loaded.
2025-02-09 16:27:45.094 +03:30 [INF] [Information] Config loaded.
2025-02-09 16:27:45.164 +03:30 [INF] [Information] Settings loaded.
2025-02-09 16:27:45.177 +03:30 [INF] [Information] en language was successfully loaded.
2025-02-09 16:28:26.770 +03:30 [INF] [Information] Config loaded.
2025-02-09 16:28:26.883 +03:30 [INF] [Information] Settings loaded.
2025-02-09 16:28:26.898 +03:30 [INF] [Information] en language was successfully loaded.
2025-02-09 16:29:21.037 +03:30 [INF] [Information] Config loaded.
2025-02-09 16:29:21.185 +03:30 [INF] [Information] Settings loaded.
2025-02-09 16:29:21.553 +03:30 [INF] [Information] en language was successfully loaded.
2025-02-09 16:30:04.944 +03:30 [INF] [Information] FluxGuard started at 21/11/1403 01:00:04 PM
2025-02-09 16:33:02.213 +03:30 [INF] [Information] Config loaded.
2025-02-09 16:33:02.275 +03:30 [INF] [Information] Settings loaded.
2025-02-09 16:33:02.293 +03:30 [INF] [Information] en language was successfully loaded.
2025-02-09 19:01:40.819 +03:30 [INF] [Information] Config loaded.
2025-02-09 19:01:41.057 +03:30 [INF] [Information] Settings loaded.
2025-02-09 19:01:41.115 +03:30 [INF] [Information] en language was successfully loaded.
2025-02-09 19:04:11.176 +03:30 [INF] [Information] Config loaded.
2025-02-09 19:04:11.276 +03:30 [INF] [Information] Settings loaded.
2025-02-09 19:04:11.292 +03:30 [INF] [Information] en language was successfully loaded.
2025-02-09 19:04:38.945 +03:30 [INF] [Information] Config loaded.
2025-02-09 19:04:39.021 +03:30 [INF] [Information] Settings loaded.
2025-02-09 19:04:39.055 +03:30 [INF] [Information] en language was successfully loaded.
2025-02-09 19:05:33.937 +03:30 [INF] [Information] Config loaded.
2025-02-09 19:05:34.009 +03:30 [INF] [Information] Settings loaded.
2025-02-09 19:05:34.018 +03:30 [INF] [Information] en language was successfully loaded.
2025-02-09 19:06:15.263 +03:30 [INF] [Information] Config loaded.
2025-02-09 19:06:15.376 +03:30 [INF] [Information] Settings loaded.
2025-02-09 19:06:15.395 +03:30 [INF] [Information] en language was successfully loaded.
2025-02-09 19:06:29.521 +03:30 [WRN] [Security] Set automatic_start to True in setting.
2025-02-09 19:06:29.522 +03:30 [INF] [Information] Config loaded.
2025-02-09 19:06:29.546 +03:30 [INF] [Information] Settings loaded.
2025-02-09 19:06:29.547 +03:30 [INF] [Information] en language was successfully loaded.
2025-02-09 19:06:29.605 +03:30 [ERR] Error loading language file: An item with the same key has already been added. Key: Back
2025-02-09 19:06:52.485 +03:30 [INF] [Information] FluxGuard started at 21/11/1403 03:36:52 PM
2025-02-09 19:07:03.743 +03:30 [INF] [Command]:[status] from TahaDashti_GD:5062451231
2025-02-09 19:07:03.902 +03:30 [INF] [UI Manager] StatusDashboard Loaded.
2025-02-09 19:07:07.574 +03:30 [INF] [Command]:[back] from TahaDashti_GD:5062451231
2025-02-09 19:07:07.575 +03:30 [INF] [UI Manager] MainDashboard Loaded.
2025-02-09 19:07:10.759 +03:30 [INF] [Command]:[status] from TahaDashti_GD:5062451231
2025-02-09 19:07:10.759 +03:30 [INF] [UI Manager] StatusDashboard Loaded.
2025-02-09 19:07:12.045 +03:30 [INF] [Command]:[resource_report] from TahaDashti_GD:5062451231
2025-02-09 19:07:12.047 +03:30 [INF] [Service] GetSystemUsageReport
2025-02-09 19:07:19.025 +03:30 [INF] [Service] GetSystemUsageReport
2025-02-09 19:07:23.868 +03:30 [INF] [Command]:[uptime] from TahaDashti_GD:5062451231
2025-02-09 19:07:23.882 +03:30 [INF] [Service] GetUpTime
2025-02-09 19:07:27.745 +03:30 [INF] [Command]:[back] from TahaDashti_GD:5062451231
2025-02-09 19:07:27.745 +03:30 [INF] [UI Manager] MainDashboard Loaded.
2025-02-09 19:07:29.806 +03:30 [INF] [Command]:[power] from TahaDashti_GD:5062451231
2025-02-09 19:07:30.127 +03:30 [INF] [Service] TakeScreenShot:Screen
2025-02-09 19:07:36.768 +03:30 [INF] [Command]:[power] from TahaDashti_GD:5062451231
2025-02-09 19:07:36.894 +03:30 [INF] [Service] TakeScreenShot:Screen
2025-02-09 19:07:41.068 +03:30 [INF] [Command]:[power] from TahaDashti_GD:5062451231
2025-02-09 19:07:41.175 +03:30 [INF] [Service] TakeScreenShot:Screen
2025-02-09 19:10:38.757 +03:30 [INF] [Information] Config loaded.
2025-02-09 19:10:38.851 +03:30 [INF] [Information] Settings loaded.
2025-02-09 19:10:38.874 +03:30 [INF] [Information] en language was successfully loaded.
2025-02-09 19:10:39.205 +03:30 [INF] [Information] FluxGuard started at 21/11/1403 03:40:39 PM
2025-02-09 19:25:33.808 +03:30 [INF] [Information] Config loaded.
2025-02-09 19:25:33.888 +03:30 [INF] [Information] Settings loaded.
2025-02-09 19:25:33.928 +03:30 [INF] [Information] en Language was successfully loaded.
2025-02-09 19:25:34.267 +03:30 [INF] [Information] MainCore Started
2025-02-09 19:25:34.327 +03:30 [INF] [Information] FluxGuard started at 21/11/1403 03:55:34 PM
