2025-02-11 00:00:07.772 +03:30 [INF] [Command]:[start] from TahaDashti_GD:5062451231
2025-02-11 00:00:10.473 +03:30 [WRN] [Security] Set telegram_bot_language to fa in setting.
2025-02-11 00:00:10.474 +03:30 [INF] [Information] Config loaded.
2025-02-11 00:00:10.499 +03:30 [INF] [Information] Settings loaded.
2025-02-11 00:00:10.499 +03:30 [INF] [Information] MainCore Initialize
2025-02-11 00:00:10.500 +03:30 [INF] [Information] fa Language was successfully loaded.
2025-02-11 00:00:10.505 +03:30 [ERR] Exception in Load language: An item with the same key has already been added. Key: بازگشت
2025-02-11 00:00:10.792 +03:30 [INF] [UI Manager] MainDashboard Loaded.
2025-02-11 00:00:11.205 +03:30 [ERR] Exception in OnError functino: An item with the same key has already been added. Key: بازگشت
2025-02-11 00:00:12.495 +03:30 [INF] [Command]:[file_explorer] from TahaDashti_GD:5062451231
2025-02-11 00:00:16.320 +03:30 [INF] [Command]:[drive] from TahaDashti_GD:5062451231
2025-02-11 00:00:16.320 +03:30 [INF] [Service] GetDrives
2025-02-11 00:00:19.185 +03:30 [INF] [Command]:[D:\] from hgjhg:5062451231
2025-02-11 00:00:19.189 +03:30 [INF] [Service] GetDirectories
2025-02-11 00:00:19.191 +03:30 [INF] [Service] Getfiles
2025-02-11 00:00:21.972 +03:30 [INF] [Command]:[LoFi] from hgjhg:5062451231
2025-02-11 00:00:21.973 +03:30 [INF] [Service] GetDirectories
2025-02-11 00:00:21.974 +03:30 [INF] [Service] Getfiles
2025-02-11 00:01:00.278 +03:30 [INF] [Command]:[pictures] from TahaDashti_GD:5062451231
2025-02-11 00:01:00.279 +03:30 [INF] [Service] GetDirectories
2025-02-11 00:01:00.280 +03:30 [INF] [Service] Getfiles
2025-02-11 00:01:04.181 +03:30 [INF] [Command]:[videos] from TahaDashti_GD:5062451231
2025-02-11 00:01:04.182 +03:30 [INF] [Service] GetDirectories
2025-02-11 00:01:04.183 +03:30 [INF] [Service] Getfiles
2025-02-11 00:01:12.999 +03:30 [ERR] Exception in OnError functino: Could not find file 'D:\LoFi\Img 5150(1).mp4'.
2025-02-11 00:01:26.156 +03:30 [ERR] Exception in OnError functino: Could not find file 'D:\LoFi\Img 5150(1).mp4'.
2025-02-11 00:01:29.807 +03:30 [INF] [Command]:[D:\] from :5062451231
2025-02-11 00:01:29.808 +03:30 [INF] [Service] GetDirectories
2025-02-11 00:01:29.808 +03:30 [INF] [Service] Getfiles
2025-02-11 00:01:38.277 +03:30 [INF] [Command]:[LoFi] from hgjhg:5062451231
2025-02-11 00:01:38.278 +03:30 [INF] [Service] GetDirectories
2025-02-11 00:01:38.279 +03:30 [INF] [Service] Getfiles
2025-02-11 00:01:47.852 +03:30 [INF] [Command]:[Focus Lo-Fi (Playlist)] from hgjhg:5062451231
2025-02-11 00:01:47.854 +03:30 [INF] [Service] GetDirectories
2025-02-11 00:01:47.854 +03:30 [INF] [Service] Getfiles
2025-02-11 00:02:09.260 +03:30 [INF] [Command]:[drive] from TahaDashti_GD:5062451231
2025-02-11 00:02:09.260 +03:30 [INF] [Service] GetDrives
2025-02-11 00:02:11.098 +03:30 [INF] [Command]:[D:\] from hgjhg:5062451231
2025-02-11 00:02:11.099 +03:30 [INF] [Service] GetDirectories
2025-02-11 00:02:11.099 +03:30 [INF] [Service] Getfiles
2025-02-11 00:02:13.539 +03:30 [INF] [Command]:[LoFi] from hgjhg:5062451231
2025-02-11 00:02:13.539 +03:30 [INF] [Service] GetDirectories
2025-02-11 00:02:13.540 +03:30 [INF] [Service] Getfiles
2025-02-11 00:02:15.764 +03:30 [INF] [Command]:[Focus Lo-Fi (Playlist)] from hgjhg:5062451231
2025-02-11 00:02:15.764 +03:30 [INF] [Service] GetDirectories
2025-02-11 00:02:15.765 +03:30 [INF] [Service] Getfiles
2025-02-11 00:02:27.765 +03:30 [INF] [Command]:[LoFi] from :5062451231
2025-02-11 00:02:27.766 +03:30 [INF] [Service] GetDirectories
2025-02-11 00:02:27.766 +03:30 [INF] [Service] Getfiles
2025-02-11 00:02:53.770 +03:30 [ERR] Exception in OnError functino: Exception during making request
2025-02-11 00:02:54.771 +03:30 [ERR] Exception in OnError functino: Bad Request: query is too old and response timeout expired or query ID is invalid
2025-02-11 00:02:55.032 +03:30 [INF] [Command]:[D:\] from :5062451231
2025-02-11 00:02:55.032 +03:30 [INF] [Service] GetDirectories
2025-02-11 00:02:55.032 +03:30 [INF] [Service] Getfiles
