2025-02-05 20:29:55.534 +03:30 [INF] FluxGuard.Core started successfully.
2025-02-05 20:29:55.605 +03:30 [INF] FluxGuard.GUI started successfully.
2025-02-05 20:38:57.213 +03:30 [INF] FluxGuard.Core started successfully.
2025-02-05 20:38:57.332 +03:30 [INF] FluxGuard.GUI started successfully.
2025-02-05 20:39:14.717 +03:30 [INF] fa language was successfully loaded.
2025-02-05 20:39:14.850 +03:30 [INF] The test for the title "وضعیت" was successfully completed.
2025-02-05 20:39:14.851 +03:30 [INF] fa language was successfully loaded.
2025-02-05 20:39:14.852 +03:30 [INF] The test for the title "پاور" was successfully completed.
2025-02-05 20:39:14.853 +03:30 [INF] fa language was successfully loaded.
2025-02-05 20:39:14.853 +03:30 [INF] The test for the title "برنامه‌ها" was successfully completed.
2025-02-05 20:39:14.854 +03:30 [INF] fa language was successfully loaded.
2025-02-05 20:39:14.854 +03:30 [INF] The test for the title "ارسال" was successfully completed.
2025-02-05 20:39:14.854 +03:30 [INF] fa language was successfully loaded.
2025-02-05 20:39:14.855 +03:30 [INF] The test for the title "فایل اکسپلورر" was successfully completed.
2025-02-05 20:39:14.855 +03:30 [INF] fa language was successfully loaded.
2025-02-05 20:39:14.856 +03:30 [INF] The test for the title "امنیت" was successfully completed.
2025-02-05 20:39:14.856 +03:30 [INF] fa language was successfully loaded.
2025-02-05 20:39:14.857 +03:30 [INF] The test for the title "تنظیمات" was successfully completed.
2025-02-05 20:39:14.857 +03:30 [INF] fa language was successfully loaded.
2025-02-05 20:39:14.857 +03:30 [INF] The test for the title " 🎉 انتخاب فوق‌العاده‌ای کردی! آماده‌ایم! 🚀 FluxGuard کاملاً شارژ و آماده خدمت است! ⚡ فقط بگو چه نیازی داری، و من حرفه‌ای انجامش میدم! 💼✨ از خاموش کردن سیستم گرفته تا نگاه مخفیانه به صفحه‌نمایش 👀 یا فشرده کردن فایل‌ها مثل یه نینجا 🥷—من اینجا هستم! 🙌 حالا اولین ماموریت چیه، رئیس؟ 😎" was successfully completed.
2025-02-05 20:39:16.223 +03:30 [INF] fa language was successfully loaded.
2025-02-05 20:39:25.156 +03:30 [INF] en language was successfully loaded.
2025-02-05 20:39:25.158 +03:30 [INF] The test for the title "Status" was successfully completed.
2025-02-05 20:39:25.159 +03:30 [INF] en language was successfully loaded.
2025-02-05 20:39:25.159 +03:30 [INF] The test for the title "Power" was successfully completed.
2025-02-05 20:39:25.160 +03:30 [INF] en language was successfully loaded.
2025-02-05 20:39:25.161 +03:30 [INF] The test for the title "Apps" was successfully completed.
2025-02-05 20:39:25.163 +03:30 [INF] en language was successfully loaded.
2025-02-05 20:39:25.164 +03:30 [INF] The test for the title "Send" was successfully completed.
2025-02-05 20:39:25.164 +03:30 [INF] en language was successfully loaded.
2025-02-05 20:39:25.165 +03:30 [INF] The test for the title "File Explorer" was successfully completed.
2025-02-05 20:39:25.166 +03:30 [INF] en language was successfully loaded.
2025-02-05 20:39:25.166 +03:30 [INF] The test for the title "Security" was successfully completed.
2025-02-05 20:39:25.167 +03:30 [INF] en language was successfully loaded.
2025-02-05 20:39:25.167 +03:30 [INF] The test for the title "Settings" was successfully completed.
2025-02-05 20:39:25.168 +03:30 [INF] en language was successfully loaded.
2025-02-05 20:39:25.169 +03:30 [INF] The test for the title "🎉 Awesome choice! We're all set! 🚀 FluxGuard is fully charged and ready to serve! ⚡ Just tell me what you need, and I'll handle it like a pro! 💼✨ From shutting down the system to sneaking a peek at the screen 👀 or compressing files like a ninja 🥷—I'm here for it all! 🙌 So, what's the first mission, boss? 😎" was successfully completed.
2025-02-05 20:39:26.397 +03:30 [INF] en language was successfully loaded.
2025-02-05 20:41:06.637 +03:30 [INF] FluxGuard.Core started successfully.
2025-02-05 20:41:06.723 +03:30 [INF] FluxGuard.GUI started successfully.
2025-02-05 20:41:13.072 +03:30 [INF] FluxGuard.Core started successfully.
2025-02-05 20:41:13.139 +03:30 [INF] FluxGuard.GUI started successfully.
2025-02-05 20:41:20.296 +03:30 [INF] en language was successfully loaded.
2025-02-05 20:41:20.411 +03:30 [INF] The "Status" was successfully translated.
2025-02-05 20:41:20.412 +03:30 [INF] en language was successfully loaded.
2025-02-05 20:41:20.413 +03:30 [INF] The "Power" was successfully translated.
2025-02-05 20:41:20.413 +03:30 [INF] en language was successfully loaded.
2025-02-05 20:41:20.414 +03:30 [INF] The "Apps" was successfully translated.
2025-02-05 20:41:20.414 +03:30 [INF] en language was successfully loaded.
2025-02-05 20:41:20.415 +03:30 [INF] The "Send" was successfully translated.
2025-02-05 20:41:20.415 +03:30 [INF] en language was successfully loaded.
2025-02-05 20:41:20.415 +03:30 [INF] The "File Explorer" was successfully translated.
2025-02-05 20:41:20.416 +03:30 [INF] en language was successfully loaded.
2025-02-05 20:41:20.416 +03:30 [INF] The "Security" was successfully translated.
2025-02-05 20:41:20.417 +03:30 [INF] en language was successfully loaded.
2025-02-05 20:41:20.417 +03:30 [INF] The "Settings" was successfully translated.
2025-02-05 20:41:20.418 +03:30 [INF] en language was successfully loaded.
2025-02-05 20:41:20.418 +03:30 [INF] The "🎉 Awesome choice! We're all set! 🚀 FluxGuard is fully charged and ready to serve! ⚡ Just tell me what you need, and I'll handle it like a pro! 💼✨ From shutting down the system to sneaking a peek at the screen 👀 or compressing files like a ninja 🥷—I'm here for it all! 🙌 So, what's the first mission, boss? 😎" was successfully translated.
2025-02-05 20:41:21.693 +03:30 [INF] en language was successfully loaded.
2025-02-05 20:58:13.411 +03:30 [INF] FluxGuard started at "2025-02-05T17:28:13.4060011Z"
2025-02-05 20:58:13.602 +03:30 [INF] FluxGuard.GUI started successfully.
2025-02-05 20:58:28.553 +03:30 [INF] Command received: Start from 5062451231
2025-02-05 21:00:44.950 +03:30 [INF] FluxGuard started at "2025-02-05T17:30:44.9501067Z"
2025-02-05 21:00:45.018 +03:30 [INF] FluxGuard.GUI started successfully.
2025-02-05 21:00:47.450 +03:30 [INF] Command received: Start from TahaDashti_GD:5062451231
2025-02-05 21:03:21.457 +03:30 [INF] FluxGuard started at "2025-02-05T17:33:21.4563347Z"
2025-02-05 21:03:21.530 +03:30 [INF] FluxGuard.GUI started successfully.
2025-02-05 21:03:23.912 +03:30 [INF] Command received: Start from TahaDashti_GD:5062451231
2025-02-05 21:03:27.500 +03:30 [INF] en language was successfully loaded.
2025-02-05 21:03:27.660 +03:30 [INF] The "Status" was successfully translated.
2025-02-05 21:03:27.662 +03:30 [INF] en language was successfully loaded.
2025-02-05 21:03:27.662 +03:30 [INF] The "Power" was successfully translated.
2025-02-05 21:03:27.662 +03:30 [INF] en language was successfully loaded.
2025-02-05 21:03:27.663 +03:30 [INF] The "Apps" was successfully translated.
2025-02-05 21:03:27.663 +03:30 [INF] en language was successfully loaded.
2025-02-05 21:03:27.664 +03:30 [INF] The "Send" was successfully translated.
2025-02-05 21:03:27.664 +03:30 [INF] en language was successfully loaded.
2025-02-05 21:03:27.665 +03:30 [INF] The "File Explorer" was successfully translated.
2025-02-05 21:03:27.665 +03:30 [INF] en language was successfully loaded.
2025-02-05 21:03:27.665 +03:30 [INF] The "Security" was successfully translated.
2025-02-05 21:03:27.666 +03:30 [INF] en language was successfully loaded.
2025-02-05 21:03:27.666 +03:30 [INF] The "Settings" was successfully translated.
2025-02-05 21:03:27.667 +03:30 [INF] en language was successfully loaded.
2025-02-05 21:03:27.667 +03:30 [INF] The "🎉 Awesome choice! We're all set! 🚀 FluxGuard is fully charged and ready to serve! ⚡ Just tell me what you need, and I'll handle it like a pro! 💼✨ From shutting down the system to sneaking a peek at the screen 👀 or compressing files like a ninja 🥷—I'm here for it all! 🙌 So, what's the first mission, boss? 😎" was successfully translated.
2025-02-05 21:03:28.986 +03:30 [INF] en language was successfully loaded.
2025-02-05 21:12:47.865 +03:30 [INF] FluxGuard started at "2025-02-05T17:42:47.8645774Z"
2025-02-05 21:12:47.980 +03:30 [INF] FluxGuard.GUI started successfully.
2025-02-05 21:12:53.674 +03:30 [INF] Command received: Start from TahaDashti_GD:5062451231
2025-02-05 21:13:02.299 +03:30 [INF] en language was successfully loaded.
2025-02-05 21:13:02.438 +03:30 [INF] en language was successfully loaded.
2025-02-05 21:13:02.440 +03:30 [INF] en language was successfully loaded.
2025-02-05 21:13:02.441 +03:30 [INF] en language was successfully loaded.
2025-02-05 21:13:02.441 +03:30 [INF] en language was successfully loaded.
2025-02-05 21:13:02.442 +03:30 [INF] en language was successfully loaded.
2025-02-05 21:13:02.442 +03:30 [INF] en language was successfully loaded.
2025-02-05 21:13:02.443 +03:30 [INF] [UI Manager] MainDashboard Loaded.
2025-02-05 21:13:02.444 +03:30 [INF] en language was successfully loaded.
2025-02-05 21:13:03.837 +03:30 [INF] en language was successfully loaded.
2025-02-05 21:13:22.097 +03:30 [INF] Command received: Back from TahaDashti_GD:5062451231
2025-02-05 21:13:22.276 +03:30 [INF] [Service] TakeScreenShot:Screen
2025-02-05 21:13:22.286 +03:30 [INF] en language was successfully loaded.
2025-02-05 21:13:22.288 +03:30 [INF] en language was successfully loaded.
2025-02-05 21:13:22.289 +03:30 [INF] en language was successfully loaded.
2025-02-05 21:16:59.418 +03:30 [INF] FluxGuard started at "2025-02-05T17:46:59.4174142Z"
2025-02-05 21:16:59.516 +03:30 [INF] FluxGuard.GUI started successfully.
2025-02-05 21:17:05.603 +03:30 [INF] Command received: start from TahaDashti_GD:5062451231
2025-02-05 21:17:20.798 +03:30 [INF] en language was successfully loaded.
2025-02-05 21:17:20.941 +03:30 [INF] en language was successfully loaded.
2025-02-05 21:17:20.942 +03:30 [INF] en language was successfully loaded.
2025-02-05 21:17:20.943 +03:30 [INF] en language was successfully loaded.
2025-02-05 21:17:20.944 +03:30 [INF] en language was successfully loaded.
2025-02-05 21:17:20.944 +03:30 [INF] en language was successfully loaded.
2025-02-05 21:17:20.945 +03:30 [INF] en language was successfully loaded.
2025-02-05 21:17:20.945 +03:30 [INF] [UI Manager] MainDashboard Loaded.
2025-02-05 21:17:20.946 +03:30 [INF] en language was successfully loaded.
2025-02-05 21:17:22.350 +03:30 [INF] en language was successfully loaded.
2025-02-05 21:17:27.450 +03:30 [INF] Command received: power from TahaDashti_GD:5062451231
2025-02-05 21:17:27.596 +03:30 [INF] [Service] TakeScreenShot:Screen
2025-02-05 21:17:27.602 +03:30 [INF] en language was successfully loaded.
2025-02-05 21:17:27.604 +03:30 [INF] en language was successfully loaded.
2025-02-05 21:17:27.605 +03:30 [INF] en language was successfully loaded.
2025-02-05 21:17:36.734 +03:30 [INF] en language was successfully loaded.
2025-02-05 21:17:36.734 +03:30 [INF] en language was successfully loaded.
2025-02-05 21:17:36.735 +03:30 [INF] en language was successfully loaded.
2025-02-05 21:17:36.735 +03:30 [INF] en language was successfully loaded.
2025-02-05 21:17:36.736 +03:30 [INF] en language was successfully loaded.
2025-02-05 21:17:36.736 +03:30 [INF] [UI Manager] StatusDashboard Loaded.
2025-02-05 21:17:36.737 +03:30 [INF] en language was successfully loaded.
2025-02-05 21:17:57.775 +03:30 [INF] FluxGuard started at "2025-02-05T17:47:57.7751679Z"
2025-02-05 21:17:57.840 +03:30 [INF] FluxGuard.GUI started successfully.
2025-02-05 21:18:01.678 +03:30 [INF] Command received: start from TahaDashti_GD:5062451231
2025-02-05 21:18:04.266 +03:30 [INF] en language was successfully loaded.
2025-02-05 21:18:04.414 +03:30 [INF] en language was successfully loaded.
2025-02-05 21:18:04.415 +03:30 [INF] en language was successfully loaded.
2025-02-05 21:18:04.416 +03:30 [INF] en language was successfully loaded.
2025-02-05 21:18:04.416 +03:30 [INF] en language was successfully loaded.
2025-02-05 21:18:04.417 +03:30 [INF] en language was successfully loaded.
2025-02-05 21:18:04.418 +03:30 [INF] en language was successfully loaded.
2025-02-05 21:18:04.419 +03:30 [INF] [UI Manager] MainDashboard Loaded.
2025-02-05 21:18:04.420 +03:30 [INF] en language was successfully loaded.
2025-02-05 21:18:05.869 +03:30 [INF] en language was successfully loaded.
2025-02-05 21:18:06.176 +03:30 [INF] en language was successfully loaded.
2025-02-05 21:18:06.180 +03:30 [INF] en language was successfully loaded.
2025-02-05 21:18:06.182 +03:30 [INF] en language was successfully loaded.
2025-02-05 21:18:06.182 +03:30 [INF] en language was successfully loaded.
2025-02-05 21:18:06.183 +03:30 [INF] en language was successfully loaded.
2025-02-05 21:18:06.183 +03:30 [INF] [UI Manager] StatusDashboard Loaded.
2025-02-05 21:18:06.184 +03:30 [INF] en language was successfully loaded.
2025-02-05 21:18:14.191 +03:30 [INF] Command received: resource_report from TahaDashti_GD:5062451231
2025-02-05 21:18:14.193 +03:30 [INF] en language was successfully loaded.
2025-02-05 21:18:14.193 +03:30 [INF] en language was successfully loaded.
2025-02-05 21:18:17.357 +03:30 [INF] en language was successfully loaded.
2025-02-05 21:18:17.359 +03:30 [INF] en language was successfully loaded.
2025-02-05 21:18:17.607 +03:30 [INF] en language was successfully loaded.
2025-02-05 21:18:18.663 +03:30 [INF] [Service] GetSystemUsageReport
2025-02-05 21:19:42.210 +03:30 [INF] FluxGuard started at "2025-02-05T17:49:42.2096038Z"
2025-02-05 21:19:42.293 +03:30 [INF] FluxGuard.GUI started successfully.
2025-02-05 21:19:48.027 +03:30 [INF] Command received: start from TahaDashti_GD:5062451231
2025-02-05 21:19:50.804 +03:30 [INF] en language was successfully loaded.
2025-02-05 21:19:50.946 +03:30 [INF] en language was successfully loaded.
2025-02-05 21:19:50.948 +03:30 [INF] en language was successfully loaded.
2025-02-05 21:19:50.949 +03:30 [INF] en language was successfully loaded.
2025-02-05 21:19:50.950 +03:30 [INF] en language was successfully loaded.
2025-02-05 21:19:50.950 +03:30 [INF] en language was successfully loaded.
2025-02-05 21:19:50.951 +03:30 [INF] en language was successfully loaded.
2025-02-05 21:19:50.952 +03:30 [INF] [UI Manager] MainDashboard Loaded.
2025-02-05 21:19:50.952 +03:30 [INF] en language was successfully loaded.
2025-02-05 21:19:52.242 +03:30 [INF] en language was successfully loaded.
2025-02-05 21:19:52.535 +03:30 [INF] Command received: status from TahaDashti_GD:5062451231
2025-02-05 21:19:52.537 +03:30 [INF] en language was successfully loaded.
2025-02-05 21:19:52.538 +03:30 [INF] en language was successfully loaded.
2025-02-05 21:19:52.539 +03:30 [INF] en language was successfully loaded.
2025-02-05 21:19:52.539 +03:30 [INF] en language was successfully loaded.
2025-02-05 21:19:52.540 +03:30 [INF] en language was successfully loaded.
2025-02-05 21:19:52.540 +03:30 [INF] [UI Manager] StatusDashboard Loaded.
2025-02-05 21:19:52.541 +03:30 [INF] en language was successfully loaded.
2025-02-05 21:19:58.722 +03:30 [INF] Command received: uptime from TahaDashti_GD:5062451231
2025-02-05 21:19:58.729 +03:30 [INF] [Service] GetUpTime
2025-02-05 21:20:40.286 +03:30 [INF] Command received: power from TahaDashti_GD:5062451231
2025-02-05 21:20:40.290 +03:30 [INF] en language was successfully loaded.
2025-02-05 21:20:40.291 +03:30 [INF] en language was successfully loaded.
2025-02-05 21:20:40.292 +03:30 [INF] en language was successfully loaded.
2025-02-05 21:20:40.292 +03:30 [INF] en language was successfully loaded.
2025-02-05 21:20:40.293 +03:30 [INF] en language was successfully loaded.
2025-02-05 21:20:40.293 +03:30 [INF] en language was successfully loaded.
2025-02-05 21:20:40.294 +03:30 [INF] en language was successfully loaded.
2025-02-05 21:20:40.294 +03:30 [INF] [UI Manager] MainDashboard Loaded.
2025-02-05 21:20:40.295 +03:30 [INF] en language was successfully loaded.
2025-02-05 21:20:49.165 +03:30 [INF] Command received: power from TahaDashti_GD:5062451231
2025-02-05 21:20:49.286 +03:30 [INF] [Service] TakeScreenShot:Screen
2025-02-05 21:20:49.295 +03:30 [INF] en language was successfully loaded.
2025-02-05 21:20:49.298 +03:30 [INF] en language was successfully loaded.
2025-02-05 21:20:49.299 +03:30 [INF] en language was successfully loaded.
2025-02-05 21:33:05.902 +03:30 [INF] FluxGuard started at "2025-02-05T18:03:05.9022212Z"
2025-02-05 21:33:05.978 +03:30 [INF] FluxGuard.GUI started successfully.
2025-02-05 21:37:54.841 +03:30 [INF] FluxGuard started at "2025-02-05T18:07:54.8403019Z"
2025-02-05 21:37:54.910 +03:30 [INF] FluxGuard.GUI started successfully.
2025-02-05 21:37:57.824 +03:30 [INF] Command received: start from TahaDashti_GD:5062451231
2025-02-05 21:38:00.667 +03:30 [INF] fa language was successfully loaded.
2025-02-05 21:38:00.813 +03:30 [INF] fa language was successfully loaded.
2025-02-05 21:38:00.815 +03:30 [INF] fa language was successfully loaded.
2025-02-05 21:38:00.815 +03:30 [INF] fa language was successfully loaded.
2025-02-05 21:38:00.816 +03:30 [INF] fa language was successfully loaded.
2025-02-05 21:38:00.816 +03:30 [INF] fa language was successfully loaded.
2025-02-05 21:38:00.817 +03:30 [INF] fa language was successfully loaded.
2025-02-05 21:38:00.818 +03:30 [INF] [UI Manager] MainDashboard Loaded.
2025-02-05 21:38:00.819 +03:30 [INF] fa language was successfully loaded.
2025-02-05 21:38:02.141 +03:30 [INF] fa language was successfully loaded.
2025-02-05 21:38:05.282 +03:30 [INF] Command received: status from TahaDashti_GD:5062451231
2025-02-05 21:38:05.284 +03:30 [INF] fa language was successfully loaded.
2025-02-05 21:38:05.285 +03:30 [INF] fa language was successfully loaded.
2025-02-05 21:38:05.285 +03:30 [INF] fa language was successfully loaded.
2025-02-05 21:38:05.286 +03:30 [INF] fa language was successfully loaded.
2025-02-05 21:38:05.286 +03:30 [INF] fa language was successfully loaded.
2025-02-05 21:38:05.287 +03:30 [INF] [UI Manager] StatusDashboard Loaded.
2025-02-05 21:38:05.287 +03:30 [INF] fa language was successfully loaded.
2025-02-05 21:38:07.393 +03:30 [INF] Command received: uptime from TahaDashti_GD:5062451231
2025-02-05 21:38:07.404 +03:30 [INF] [Service] GetUpTime
2025-02-05 21:38:18.655 +03:30 [INF] Command received: resource_report from TahaDashti_GD:5062451231
2025-02-05 21:38:18.659 +03:30 [INF] [Service] GetSystemUsageReport
2025-02-05 21:38:18.659 +03:30 [INF] fa language was successfully loaded.
2025-02-05 21:38:18.660 +03:30 [INF] fa language was successfully loaded.
2025-02-05 21:38:19.180 +03:30 [INF] fa language was successfully loaded.
2025-02-05 21:38:19.184 +03:30 [INF] fa language was successfully loaded.
2025-02-05 21:38:19.286 +03:30 [INF] fa language was successfully loaded.
2025-02-05 21:38:26.643 +03:30 [INF] Command received: power from TahaDashti_GD:5062451231
2025-02-05 21:38:26.649 +03:30 [INF] fa language was successfully loaded.
2025-02-05 21:38:26.650 +03:30 [INF] fa language was successfully loaded.
2025-02-05 21:38:26.651 +03:30 [INF] fa language was successfully loaded.
2025-02-05 21:38:26.652 +03:30 [INF] fa language was successfully loaded.
2025-02-05 21:38:26.652 +03:30 [INF] fa language was successfully loaded.
2025-02-05 21:38:26.653 +03:30 [INF] fa language was successfully loaded.
2025-02-05 21:38:26.653 +03:30 [INF] fa language was successfully loaded.
2025-02-05 21:38:26.654 +03:30 [INF] [UI Manager] MainDashboard Loaded.
2025-02-05 21:38:26.654 +03:30 [INF] fa language was successfully loaded.
2025-02-05 23:24:38.548 +03:30 [INF] FluxGuard started at "2025-02-05T19:54:38.5478903Z"
2025-02-05 23:24:38.875 +03:30 [INF] FluxGuard.GUI started successfully.
2025-02-05 23:25:18.161 +03:30 [INF] Command received: start from TahaDashti_GD:5062451231
2025-02-05 23:25:22.886 +03:30 [INF] en language was successfully loaded.
2025-02-05 23:25:23.028 +03:30 [INF] en language was successfully loaded.
2025-02-05 23:25:23.030 +03:30 [INF] en language was successfully loaded.
2025-02-05 23:25:23.031 +03:30 [INF] en language was successfully loaded.
2025-02-05 23:25:23.031 +03:30 [INF] en language was successfully loaded.
2025-02-05 23:25:23.032 +03:30 [INF] en language was successfully loaded.
2025-02-05 23:25:23.032 +03:30 [INF] en language was successfully loaded.
2025-02-05 23:25:23.033 +03:30 [INF] [UI Manager] MainDashboard Loaded.
2025-02-05 23:25:23.034 +03:30 [INF] en language was successfully loaded.
2025-02-05 23:25:24.572 +03:30 [INF] en language was successfully loaded.
2025-02-05 23:25:37.861 +03:30 [INF] Command received: power from TahaDashti_GD:5062451231
2025-02-05 23:25:37.991 +03:30 [INF] [Service] TakeScreenShot:Screen
2025-02-05 23:25:37.998 +03:30 [INF] en language was successfully loaded.
2025-02-05 23:25:38.000 +03:30 [INF] en language was successfully loaded.
2025-02-05 23:25:38.001 +03:30 [INF] en language was successfully loaded.
2025-02-05 23:25:57.983 +03:30 [INF] FluxGuard started at "2025-02-05T19:55:57.9822627Z"
2025-02-05 23:25:58.051 +03:30 [INF] FluxGuard.GUI started successfully.
2025-02-05 23:26:30.521 +03:30 [INF] Command received: start from TahaDashti_GD:5062451231
2025-02-05 23:26:33.775 +03:30 [INF] en language was successfully loaded.
2025-02-05 23:26:33.917 +03:30 [INF] en language was successfully loaded.
2025-02-05 23:26:33.918 +03:30 [INF] en language was successfully loaded.
2025-02-05 23:26:33.919 +03:30 [INF] en language was successfully loaded.
2025-02-05 23:26:33.919 +03:30 [INF] en language was successfully loaded.
2025-02-05 23:26:33.920 +03:30 [INF] en language was successfully loaded.
2025-02-05 23:26:33.920 +03:30 [INF] en language was successfully loaded.
2025-02-05 23:26:33.921 +03:30 [INF] [UI Manager] MainDashboard Loaded.
2025-02-05 23:26:33.922 +03:30 [INF] en language was successfully loaded.
2025-02-05 23:26:35.331 +03:30 [INF] en language was successfully loaded.
2025-02-05 23:26:37.878 +03:30 [INF] Command received: power from TahaDashti_GD:5062451231
2025-02-05 23:26:38.007 +03:30 [INF] [Service] TakeScreenShot:Screen
2025-02-05 23:26:38.016 +03:30 [INF] en language was successfully loaded.
2025-02-05 23:26:38.018 +03:30 [INF] en language was successfully loaded.
2025-02-05 23:26:38.019 +03:30 [INF] en language was successfully loaded.
2025-02-05 23:26:44.076 +03:30 [INF] Command received: status from TahaDashti_GD:5062451231
2025-02-05 23:26:44.078 +03:30 [INF] en language was successfully loaded.
2025-02-05 23:26:44.079 +03:30 [INF] en language was successfully loaded.
2025-02-05 23:26:44.080 +03:30 [INF] en language was successfully loaded.
2025-02-05 23:26:44.080 +03:30 [INF] en language was successfully loaded.
2025-02-05 23:26:44.080 +03:30 [INF] en language was successfully loaded.
2025-02-05 23:26:44.081 +03:30 [INF] [UI Manager] StatusDashboard Loaded.
2025-02-05 23:26:44.081 +03:30 [INF] en language was successfully loaded.
2025-02-05 23:26:47.029 +03:30 [INF] Command received: resource_report from TahaDashti_GD:5062451231
2025-02-05 23:26:47.035 +03:30 [INF] [Service] GetSystemUsageReport
2025-02-05 23:26:47.036 +03:30 [INF] en language was successfully loaded.
2025-02-05 23:26:47.036 +03:30 [INF] en language was successfully loaded.
2025-02-05 23:26:49.992 +03:30 [INF] en language was successfully loaded.
2025-02-05 23:26:49.997 +03:30 [INF] en language was successfully loaded.
2025-02-05 23:26:50.095 +03:30 [INF] en language was successfully loaded.
2025-02-05 23:26:51.969 +03:30 [INF] Command received: uptime from TahaDashti_GD:5062451231
2025-02-05 23:26:51.974 +03:30 [INF] [Service] GetUpTime
2025-02-05 23:26:57.194 +03:30 [INF] Command received: back from TahaDashti_GD:5062451231
2025-02-05 23:26:57.198 +03:30 [INF] en language was successfully loaded.
2025-02-05 23:26:57.199 +03:30 [INF] en language was successfully loaded.
2025-02-05 23:26:57.200 +03:30 [INF] en language was successfully loaded.
2025-02-05 23:26:57.200 +03:30 [INF] en language was successfully loaded.
2025-02-05 23:26:57.201 +03:30 [INF] en language was successfully loaded.
2025-02-05 23:26:57.201 +03:30 [INF] en language was successfully loaded.
2025-02-05 23:26:57.202 +03:30 [INF] en language was successfully loaded.
2025-02-05 23:26:57.202 +03:30 [INF] [UI Manager] MainDashboard Loaded.
2025-02-05 23:26:57.202 +03:30 [INF] en language was successfully loaded.
2025-02-05 23:27:08.972 +03:30 [INF] FluxGuard started at "2025-02-05T19:57:08.9714912Z"
2025-02-05 23:27:09.041 +03:30 [INF] FluxGuard.GUI started successfully.
2025-02-05 23:27:31.542 +03:30 [INF] Command received: start from TahaDashti_GD:5062451231
2025-02-05 23:27:35.620 +03:30 [INF] en language was successfully loaded.
2025-02-05 23:27:35.765 +03:30 [INF] en language was successfully loaded.
2025-02-05 23:27:35.767 +03:30 [INF] en language was successfully loaded.
2025-02-05 23:27:35.768 +03:30 [INF] en language was successfully loaded.
2025-02-05 23:27:35.769 +03:30 [INF] en language was successfully loaded.
2025-02-05 23:27:35.770 +03:30 [INF] en language was successfully loaded.
2025-02-05 23:27:35.770 +03:30 [INF] en language was successfully loaded.
2025-02-05 23:27:35.771 +03:30 [INF] [UI Manager] MainDashboard Loaded.
2025-02-05 23:27:35.772 +03:30 [INF] en language was successfully loaded.
2025-02-05 23:27:37.423 +03:30 [INF] en language was successfully loaded.
2025-02-05 23:27:39.133 +03:30 [INF] Command received: power from TahaDashti_GD:5062451231
2025-02-05 23:27:39.251 +03:30 [INF] [Service] TakeScreenShot:Screen
2025-02-05 23:27:39.257 +03:30 [INF] en language was successfully loaded.
2025-02-05 23:27:39.259 +03:30 [INF] en language was successfully loaded.
2025-02-05 23:27:39.260 +03:30 [INF] en language was successfully loaded.
2025-02-05 23:27:51.507 +03:30 [INF] Command received: status from TahaDashti_GD:5062451231
2025-02-05 23:27:51.511 +03:30 [INF] en language was successfully loaded.
2025-02-05 23:27:51.513 +03:30 [INF] en language was successfully loaded.
2025-02-05 23:27:51.513 +03:30 [INF] en language was successfully loaded.
2025-02-05 23:27:51.514 +03:30 [INF] en language was successfully loaded.
2025-02-05 23:27:51.514 +03:30 [INF] en language was successfully loaded.
2025-02-05 23:27:51.515 +03:30 [INF] [UI Manager] StatusDashboard Loaded.
2025-02-05 23:27:51.516 +03:30 [INF] en language was successfully loaded.
2025-02-05 23:27:55.389 +03:30 [INF] Command received: resource_report from TahaDashti_GD:5062451231
2025-02-05 23:27:55.395 +03:30 [INF] [Service] GetSystemUsageReport
2025-02-05 23:27:55.396 +03:30 [INF] en language was successfully loaded.
2025-02-05 23:27:55.397 +03:30 [INF] en language was successfully loaded.
2025-02-05 23:27:56.204 +03:30 [INF] en language was successfully loaded.
2025-02-05 23:27:56.206 +03:30 [INF] en language was successfully loaded.
2025-02-05 23:27:56.271 +03:30 [INF] en language was successfully loaded.
2025-02-05 23:28:01.407 +03:30 [INF] Command received: uptime from TahaDashti_GD:5062451231
2025-02-05 23:28:01.410 +03:30 [INF] [Service] GetUpTime
2025-02-05 23:28:05.316 +03:30 [INF] Command received: back from TahaDashti_GD:5062451231
2025-02-05 23:28:05.319 +03:30 [INF] en language was successfully loaded.
2025-02-05 23:28:05.320 +03:30 [INF] en language was successfully loaded.
2025-02-05 23:28:05.320 +03:30 [INF] en language was successfully loaded.
2025-02-05 23:28:05.321 +03:30 [INF] en language was successfully loaded.
2025-02-05 23:28:05.321 +03:30 [INF] en language was successfully loaded.
2025-02-05 23:28:05.322 +03:30 [INF] en language was successfully loaded.
2025-02-05 23:28:05.322 +03:30 [INF] en language was successfully loaded.
2025-02-05 23:28:05.323 +03:30 [INF] [UI Manager] MainDashboard Loaded.
2025-02-05 23:28:05.323 +03:30 [INF] en language was successfully loaded.
