2025-02-08 07:17:20.126 +03:30 [WRN] [Information] FluxGuard started at 20/11/1403 03:47:20 AM
2025-02-08 07:17:21.572 +03:30 [INF] [Command]:[start] from TahaDashti_GD:5062451231
2025-02-08 07:17:21.888 +03:30 [INF] [Command]:[start] from TahaDashti_GD:5062451231
2025-02-08 07:17:27.908 +03:30 [INF] en language was successfully loaded.
2025-02-08 07:17:28.539 +03:30 [INF] en language was successfully loaded.
2025-02-08 07:17:28.541 +03:30 [INF] en language was successfully loaded.
2025-02-08 07:17:28.542 +03:30 [INF] en language was successfully loaded.
2025-02-08 07:17:28.544 +03:30 [INF] en language was successfully loaded.
2025-02-08 07:17:28.545 +03:30 [INF] en language was successfully loaded.
2025-02-08 07:17:28.546 +03:30 [INF] en language was successfully loaded.
2025-02-08 07:17:28.548 +03:30 [INF] [UI Manager] MainDashboard Loaded.
2025-02-08 07:17:28.548 +03:30 [INF] en language was successfully loaded.
2025-02-08 07:17:29.852 +03:30 [INF] en language was successfully loaded.
2025-02-08 07:17:31.398 +03:30 [INF] [Command]:[status] from TahaDashti_GD:5062451231
2025-02-08 07:17:31.400 +03:30 [INF] en language was successfully loaded.
2025-02-08 07:17:31.402 +03:30 [INF] en language was successfully loaded.
2025-02-08 07:17:31.429 +03:30 [INF] en language was successfully loaded.
2025-02-08 07:17:31.430 +03:30 [INF] en language was successfully loaded.
2025-02-08 07:17:31.432 +03:30 [INF] en language was successfully loaded.
2025-02-08 07:17:31.433 +03:30 [INF] [UI Manager] StatusDashboard Loaded.
2025-02-08 07:17:31.433 +03:30 [INF] en language was successfully loaded.
2025-02-08 07:17:32.949 +03:30 [INF] [Command]:[resource_report] from TahaDashti_GD:5062451231
2025-02-08 07:17:32.951 +03:30 [INF] [Service] GetSystemUsageReport
2025-02-08 07:17:32.952 +03:30 [INF] en language was successfully loaded.
2025-02-08 07:17:32.953 +03:30 [INF] en language was successfully loaded.
2025-02-08 07:17:37.588 +03:30 [INF] en language was successfully loaded.
2025-02-08 07:17:37.590 +03:30 [INF] en language was successfully loaded.
2025-02-08 07:17:38.376 +03:30 [INF] en language was successfully loaded.
2025-02-08 07:17:41.022 +03:30 [INF] [Command]:[uptime] from TahaDashti_GD:5062451231
2025-02-08 07:17:41.023 +03:30 [INF] [Service] GetUpTime
2025-02-08 07:17:43.479 +03:30 [INF] [Command]:[back] from TahaDashti_GD:5062451231
2025-02-08 07:17:43.481 +03:30 [INF] en language was successfully loaded.
2025-02-08 07:17:43.482 +03:30 [INF] en language was successfully loaded.
2025-02-08 07:17:43.483 +03:30 [INF] en language was successfully loaded.
2025-02-08 07:17:43.483 +03:30 [INF] en language was successfully loaded.
2025-02-08 07:17:43.484 +03:30 [INF] en language was successfully loaded.
2025-02-08 07:17:43.484 +03:30 [INF] en language was successfully loaded.
2025-02-08 07:17:43.485 +03:30 [INF] en language was successfully loaded.
2025-02-08 07:17:43.485 +03:30 [INF] [UI Manager] MainDashboard Loaded.
2025-02-08 07:17:43.486 +03:30 [INF] en language was successfully loaded.
2025-02-08 07:17:54.743 +03:30 [INF] [Command]:[power] from TahaDashti_GD:5062451231
2025-02-08 07:17:55.100 +03:30 [INF] [Service] TakeScreenShot:Screen
2025-02-08 07:17:55.127 +03:30 [INF] en language was successfully loaded.
2025-02-08 07:17:55.128 +03:30 [INF] en language was successfully loaded.
2025-02-08 07:17:55.128 +03:30 [INF] en language was successfully loaded.
2025-02-08 07:18:54.802 +03:30 [WRN] [Security] The value of 5062451231 was set in the user_chat_id key in the config file.
2025-02-08 07:58:30.060 +03:30 [WRN] [Information] FluxGuard started at 20/11/1403 04:28:30 AM
2025-02-08 07:58:43.557 +03:30 [INF] [Command]:[start] from TahaDashti_GD:5062451231
2025-02-08 07:58:45.914 +03:30 [INF] en language was successfully loaded.
2025-02-08 07:58:46.118 +03:30 [INF] en language was successfully loaded.
2025-02-08 07:58:46.119 +03:30 [INF] en language was successfully loaded.
2025-02-08 07:58:46.120 +03:30 [INF] en language was successfully loaded.
2025-02-08 07:58:46.121 +03:30 [INF] en language was successfully loaded.
2025-02-08 07:58:46.121 +03:30 [INF] en language was successfully loaded.
2025-02-08 07:58:46.122 +03:30 [INF] en language was successfully loaded.
2025-02-08 07:58:46.122 +03:30 [INF] [UI Manager] MainDashboard Loaded.
2025-02-08 07:58:46.123 +03:30 [INF] en language was successfully loaded.
2025-02-08 08:01:09.209 +03:30 [WRN] [Security] The value of fa was set in the telegram_bot_language key in the config file.
2025-02-08 08:06:24.433 +03:30 [WRN] [Information] FluxGuard started at 20/11/1403 04:36:24 AM
2025-02-08 08:18:03.399 +03:30 [INF] fa language was successfully loaded.
2025-02-08 08:18:26.147 +03:30 [INF] fa language was successfully loaded.
2025-02-08 08:21:10.718 +03:30 [INF] fa language was successfully loaded.
2025-02-08 08:21:50.726 +03:30 [INF] fa language was successfully loaded.
2025-02-08 08:22:44.593 +03:30 [INF] fa language was successfully loaded.
2025-02-08 08:22:58.337 +03:30 [INF] fa language was successfully loaded.
2025-02-08 08:23:47.409 +03:30 [INF] fa language was successfully loaded.
2025-02-08 08:24:51.539 +03:30 [INF] fa language was successfully loaded.
2025-02-08 08:25:14.434 +03:30 [WRN] [Information] FluxGuard started at 20/11/1403 04:55:14 AM
2025-02-08 08:25:15.182 +03:30 [INF] [Command]:[power] from TahaDashti_GD:5062451231
2025-02-08 08:25:15.313 +03:30 [INF] [Service] TakeScreenShot:Screen
2025-02-08 08:26:27.025 +03:30 [INF] fa language was successfully loaded.
2025-02-08 08:26:46.977 +03:30 [WRN] [Information] FluxGuard started at 20/11/1403 04:56:46 AM
2025-02-08 08:26:47.749 +03:30 [INF] [Command]:[resource_report] from TahaDashti_GD:5062451231
2025-02-08 08:26:47.750 +03:30 [INF] [Service] GetSystemUsageReport
2025-02-08 08:36:39.167 +03:30 [INF] fa language was successfully loaded.
2025-02-08 08:37:28.072 +03:30 [INF] fa language was successfully loaded.
2025-02-08 08:40:57.855 +03:30 [INF] fa language was successfully loaded.
2025-02-08 08:43:44.626 +03:30 [INF] fa language was successfully loaded.
2025-02-08 08:44:48.130 +03:30 [WRN] [Information] FluxGuard started at 20/11/1403 05:14:48 AM
2025-02-08 08:45:57.055 +03:30 [WRN] [Information] FluxGuard started at 20/11/1403 05:15:57 AM
2025-02-08 08:46:17.535 +03:30 [INF] [Command]:[status] from TahaDashti_GD:5062451231
2025-02-08 08:46:17.619 +03:30 [INF] [UI Manager] StatusDashboard Loaded.
2025-02-08 08:46:22.141 +03:30 [INF] [Command]:[resource_report] from TahaDashti_GD:5062451231
2025-02-08 08:46:22.142 +03:30 [INF] [Service] GetSystemUsageReport
2025-02-08 08:46:29.262 +03:30 [INF] [Command]:[uptime] from TahaDashti_GD:5062451231
2025-02-08 08:46:29.262 +03:30 [INF] [Service] GetUpTime
2025-02-08 08:46:31.191 +03:30 [INF] [Command]:[back] from TahaDashti_GD:5062451231
2025-02-08 08:46:31.191 +03:30 [INF] [UI Manager] MainDashboard Loaded.
2025-02-08 08:46:33.351 +03:30 [INF] [Command]:[power] from TahaDashti_GD:5062451231
2025-02-08 08:46:33.486 +03:30 [INF] [Service] TakeScreenShot:Screen
2025-02-08 08:51:12.812 +03:30 [WRN] [Information] FluxGuard started at 20/11/1403 05:21:12 AM
2025-02-08 08:51:24.179 +03:30 [INF] [Command]:[status] from TahaDashti_GD:5062451231
2025-02-08 08:51:24.247 +03:30 [INF] [UI Manager] StatusDashboard Loaded.
2025-02-08 08:51:26.298 +03:30 [INF] [Command]:[back] from TahaDashti_GD:5062451231
2025-02-08 08:51:26.298 +03:30 [INF] [UI Manager] MainDashboard Loaded.
2025-02-08 08:51:28.920 +03:30 [INF] [Command]:[power] from TahaDashti_GD:5062451231
2025-02-08 08:51:29.038 +03:30 [INF] [Service] TakeScreenShot:Screen
2025-02-08 08:51:32.616 +03:30 [INF] [Command]:[power] from TahaDashti_GD:5062451231
2025-02-08 08:51:32.657 +03:30 [INF] [Service] TakeScreenShot:Screen
2025-02-08 08:51:34.428 +03:30 [INF] [Command]:[power] from TahaDashti_GD:5062451231
2025-02-08 08:51:34.477 +03:30 [INF] [Service] TakeScreenShot:Screen
2025-02-08 08:51:35.600 +03:30 [INF] [Command]:[power] from TahaDashti_GD:5062451231
2025-02-08 08:51:35.644 +03:30 [INF] [Service] TakeScreenShot:Screen
2025-02-08 08:51:36.443 +03:30 [INF] [Command]:[power] from TahaDashti_GD:5062451231
2025-02-08 08:51:36.488 +03:30 [INF] [Service] TakeScreenShot:Screen
2025-02-08 08:51:37.214 +03:30 [INF] [Command]:[power] from TahaDashti_GD:5062451231
2025-02-08 08:51:37.268 +03:30 [INF] [Service] TakeScreenShot:Screen
2025-02-08 08:51:44.851 +03:30 [INF] [Command]:[power] from TahaDashti_GD:5062451231
2025-02-08 08:51:44.900 +03:30 [INF] [Service] TakeScreenShot:Screen
2025-02-08 09:44:28.090 +03:30 [WRN] [Information] fa language was successfully loaded.
2025-02-08 09:44:28.621 +03:30 [WRN] [Information] FluxGuard started at 20/11/1403 06:14:28 AM
2025-02-08 09:44:56.535 +03:30 [WRN] [Information] fa language was successfully loaded.
2025-02-08 09:44:56.811 +03:30 [WRN] [Information] FluxGuard started at 20/11/1403 06:14:56 AM
2025-02-08 09:47:08.773 +03:30 [INF] [Command]:[status] from TahaDashti_GD:5062451231
2025-02-08 09:47:08.979 +03:30 [INF] [UI Manager] StatusDashboard Loaded.
2025-02-08 09:47:15.363 +03:30 [INF] [Command]:[resource_report] from TahaDashti_GD:5062451231
2025-02-08 09:47:15.363 +03:30 [INF] [Service] GetSystemUsageReport
2025-02-08 09:47:20.849 +03:30 [INF] [Service] GetSystemUsageReport
2025-02-08 09:47:26.257 +03:30 [INF] [Command]:[resource_report] from TahaDashti_GD:5062451231
2025-02-08 09:47:26.257 +03:30 [INF] [Service] GetSystemUsageReport
2025-02-08 09:47:27.974 +03:30 [INF] [Service] GetSystemUsageReport
2025-02-08 09:47:29.421 +03:30 [INF] [Command]:[resource_report] from TahaDashti_GD:5062451231
2025-02-08 09:47:29.421 +03:30 [INF] [Service] GetSystemUsageReport
2025-02-08 09:47:31.132 +03:30 [INF] [Service] GetSystemUsageReport
2025-02-08 09:47:33.017 +03:30 [INF] [Command]:[back] from TahaDashti_GD:5062451231
2025-02-08 09:47:33.018 +03:30 [INF] [UI Manager] MainDashboard Loaded.
2025-02-08 09:47:34.143 +03:30 [INF] [Command]:[power] from TahaDashti_GD:5062451231
2025-02-08 09:47:34.406 +03:30 [INF] [Service] TakeScreenShot:Screen
2025-02-08 09:47:36.743 +03:30 [INF] [Command]:[power] from TahaDashti_GD:5062451231
2025-02-08 09:47:36.849 +03:30 [INF] [Service] TakeScreenShot:Screen
2025-02-08 09:47:38.123 +03:30 [INF] [Command]:[power] from TahaDashti_GD:5062451231
2025-02-08 09:47:38.214 +03:30 [INF] [Service] TakeScreenShot:Screen
2025-02-08 09:47:39.167 +03:30 [INF] [Command]:[power] from TahaDashti_GD:5062451231
2025-02-08 09:47:39.251 +03:30 [INF] [Service] TakeScreenShot:Screen
2025-02-08 09:51:15.276 +03:30 [WRN] [Information] fa language was successfully loaded.
2025-02-08 09:51:15.642 +03:30 [WRN] [Information] FluxGuard started at 20/11/1403 06:21:15 AM
2025-02-08 09:51:25.614 +03:30 [INF] [Command]:[power] from TahaDashti_GD:5062451231
2025-02-08 09:51:26.070 +03:30 [INF] [Service] TakeScreenShot:Screen
2025-02-08 09:51:38.671 +03:30 [INF] [Command]:[power] from TahaDashti_GD:5062451231
2025-02-08 09:51:38.808 +03:30 [INF] [Service] TakeScreenShot:Screen
2025-02-08 09:51:42.460 +03:30 [INF] [Command]:[power] from TahaDashti_GD:5062451231
2025-02-08 09:51:42.612 +03:30 [INF] [Service] TakeScreenShot:Screen
2025-02-08 09:51:45.531 +03:30 [INF] [Command]:[power] from TahaDashti_GD:5062451231
2025-02-08 09:51:45.672 +03:30 [INF] [Service] TakeScreenShot:Screen
2025-02-08 09:51:48.093 +03:30 [INF] [Command]:[power] from TahaDashti_GD:5062451231
2025-02-08 09:51:48.246 +03:30 [INF] [Service] TakeScreenShot:Screen
